<?xml version="1.0" encoding="UTF-8"?>
<!-- Generated by org.testng.reporters.JUnitReportReporter -->
<testsuite hostname="DESKTOP-HGQB9IE" failures="0" tests="1" name="FirstTest.Spicejet" time="19.791" errors="0" timestamp="2023-07-15T08:53:40 IST" skipped="0">
  <testcase classname="FirstTest.Spicejet" name="spiceJetOneWaytrip" time="19.791"/>
  <system-out/>
</testsuite> <!-- FirstTest.Spicejet -->
